47.962753198294
88.449493603412
94.736140724947
96.909981343284
97.969416311301
98.582422707889
98.873933901919
98.980543710021
99.070495735608
99.127132196162
99.175439765458
99.210421108742
99.240405117271
99.26039445629
99.300373134328
99.332022921109
99.358675373134
99.373667377399
99.390325159915
99.406982942431
44.476279317697
88.900919509595
94.786114072495
96.853344882729
97.894456289979
98.537446695096
98.862273454158
98.96888326226
99.055503731343
99.110474413646
99.17710554371
99.223747334755
99.252065565032
99.282049573561
99.313699360341
99.332022921109
99.360341151386
99.380330490405
99.391990938166
99.400319829424
46.934968017058
90.358475479744
95.092617270789
96.953291577825
97.969416311301
98.554104477612
98.855610341151
98.980543710021
99.065498400853
99.132129530917
99.20875533049
99.238739339019
99.275386460554
99.305370469083
99.323694029851
99.347014925373
99.363672707889
99.37533315565
99.401985607676
99.42697228145
46.86500533049
89.803771321962
95.007662579957
96.894989339019
97.916111407249
98.500799573561
98.787313432836
98.918909914712
99.008861940299
99.072161513859
99.140458422175
99.207089552239
99.245402452026
99.277052238806
99.30203891258
99.320362473348
99.347014925373
99.363672707889
99.386993603412
99.410314498934
46.853344882729
87.598280916844
94.814432302772
96.868336886994
97.904450959488
98.4891391258
98.798973880597
98.932236140725
99.040511727079
99.098813965885
99.148787313433
99.193763326226
99.238739339019
99.277052238806
99.308702025586
99.322028251599
99.34368336887
99.360341151386
99.383662046908
99.403651385928
49.14545575693
88.059701492537
94.589552238806
96.825026652452
97.911114072495
98.480810234542
98.798973880597
98.912246801706
98.993869936034
99.077158848614
99.130463752665
99.183768656716
99.220415778252
99.248734008529
99.268723347548
99.283715351812
99.313699360341
99.340351812367
99.35367803838
99.372001599147
47.019922707889
89.96868336887
95.089285714286
96.98993869936
97.954424307036
98.57242803838
98.842284115139
98.935567697228
99.005530383795
99.073827292111
99.127132196162
99.162113539446
99.200426439232
99.235407782516
99.277052238806
99.308702025586
99.345349147122
99.368670042644
99.390325159915
99.410314498934
47.169842750533
88.944229744136
94.949360341151
96.934968017058
97.934434968017
98.545775586354
98.837286780384
98.963885927505
99.04217750533
99.123800639659
99.152118869936
99.210421108742
99.238739339019
99.277052238806
99.307036247335
99.328691364606
99.357009594883
99.372001599147
99.386993603412
99.408648720682
41.449560234542
87.679904051173
94.844416311301
96.86500533049
97.909448294243
98.542444029851
98.840618336887
98.950559701493
99.040511727079
99.12546641791
99.178771321962
99.223747334755
99.257062899787
99.287046908316
99.308702025586
99.335354477612
99.35367803838
99.373667377399
99.396988272921
99.41697761194
45.64565565032
89.329024520256
95.014325692964
96.984941364606
98.004397654584
98.570762260128
98.848947228145
98.958888592751
99.048840618337
99.12546641791
99.162113539446
99.205423773987
99.25039978678
99.278718017058
99.31203358209
99.328691364606
99.348680703625
99.37533315565
99.388659381663
99.405317164179
43.410181236674
88.319562899787
94.807769189765
96.808368869936
97.892790511727
98.484141791045
98.787313432836
98.88559434968
98.975546375267
99.028851279318
99.088819296375
99.148787313433
99.195429104478
99.227078891258
99.263726012793
99.305370469083
99.323694029851
99.335354477612
99.35367803838
99.368670042644
38.942563965885
88.372867803838
94.769456289979
96.889992004264
97.921108742004
98.550772921109
98.865605010661
98.980543710021
99.065498400853
99.120469083156
99.175439765458
99.227078891258
99.26039445629
99.285381130064
99.300373134328
99.325359808102
99.342017590618
99.360341151386
99.38532782516
99.403651385928
50.028318230277
89.470615671642
95.039312366738
96.913312899787
97.931103411514
98.565764925373
98.852278784648
98.963885927505
99.050506396588
99.108808635394
99.150453091684
99.198760660981
99.237073560768
99.267057569296
99.307036247335
99.325359808102
99.338686034115
99.365338486141
99.381996268657
99.39532249467
47.971082089552
88.840951492537
94.861074093817
96.881663113006
97.927771855011
98.515791577825
98.817297441365
98.935567697228
99.023853944563
99.08382196162
99.138792643923
99.17710554371
99.235407782516
99.273720682303
99.305370469083
99.323694029851
99.34368336887
99.367004264392
99.391990938166
99.408648720682
47.529650852878
89.335687633262
95.067630597015
96.978278251599
97.946095415778
98.585754264392
98.863939232409
98.972214818763
99.063832622601
99.117137526652
99.173773987207
99.217084221748
99.25039978678
99.285381130064
99.300373134328
99.325359808102
99.358675373134
99.380330490405
99.396988272921
99.411980277186
44.859408315565
89.590551705757
94.919376332623
96.863339552239
97.886127398721
98.524120469083
98.838952558635
98.943896588486
99.023853944563
99.115471748401
99.155450426439
99.195429104478
99.235407782516
99.257062899787
99.287046908316
99.315365138593
99.34368336887
99.373667377399
99.396988272921
99.403651385928
48.898920575693
90.111940298507
95.03098347548
96.918310234542
97.967750533049
98.57242803838
98.858941897655
98.982209488273
99.067164179104
99.122134861407
99.162113539446
99.215418443497
99.257062899787
99.287046908316
99.308702025586
99.332022921109
99.348680703625
99.370335820896
99.386993603412
99.405317164179
47.672907782516
88.987539978678
94.8960554371
96.996601812367
97.976079424307
98.580756929638
98.878931236674
98.995535714286
99.048840618337
99.120469083156
99.175439765458
99.220415778252
99.2703891258
99.310367803838
99.330357142857
99.352012260128
99.370335820896
99.391990938166
99.41697761194
99.430303837953
47.021588486141
88.857609275053
95.240871535181
97.05157249467
97.981076759062
98.570762260128
98.875599680171
98.983875266525
99.070495735608
99.118803304904
99.172108208955
99.213752665245
99.235407782516
99.277052238806
99.30203891258
99.323694029851
99.35367803838
99.380330490405
99.393656716418
99.408648720682
48.962220149254
89.005863539446
95.03098347548
96.954957356077
97.949426972281
98.587420042644
98.883928571429
98.992204157783
99.067164179104
99.138792643923
99.165445095949
99.213752665245
99.263726012793
99.29204424307
99.318696695096
99.335354477612
99.362006929638
99.381996268657
99.398654051173
99.41697761194
43.570095948827
87.709888059701
94.824426972281
96.860007995736
97.919442963753
98.519123134328
98.817297441365
98.913912579957
99.013859275053
99.070495735608
99.140458422175
99.183768656716
99.22874466951
99.258728678038
99.297041577825
99.318696695096
99.348680703625
99.368670042644
99.38532782516
99.405317164179
46.386926972281
89.347348081023
94.936034115139
96.934968017058
97.961087420043
98.555770255864
98.813965884861
98.940565031983
99.027185501066
99.105477078891
99.152118869936
99.203757995736
99.235407782516
99.275386460554
99.298707356077
99.332022921109
99.347014925373
99.367004264392
99.391990938166
99.401985607676
47.491337953092
90.190231876333
95.045975479744
96.91664445629
97.892790511727
98.46914978678
98.800639658849
98.917244136461
99.018856609808
99.080490405117
99.133795309168
99.18710021322
99.22874466951
99.262060234542
99.290378464819
99.317030916844
99.33368869936
99.350346481876
99.370335820896
99.383662046908
45.738939232409
89.245735607676
95.02098880597
96.939965351812
97.957755863539
98.549107142857
98.837286780384
98.945562366738
99.032182835821
99.082156183369
99.14545575693
99.205423773987
99.240405117271
99.277052238806
99.295375799574
99.320362473348
99.338686034115
99.357009594883
99.370335820896
99.380330490405
43.235274520256
87.893123667377
94.849413646055
96.88499466951
97.874466950959
98.515791577825
98.818963219616
98.948893923241
99.022188166311
99.090485074627
99.143789978678
99.180437100213
99.220415778252
99.26039445629
99.290378464819
99.31203358209
99.345349147122
99.367004264392
99.383662046908
99.403651385928
49.773454157783
89.007529317697
94.892723880597
96.830023987207
97.884461620469
98.509128464819
98.833955223881
98.957222814499
99.043843283582
99.115471748401
99.17710554371
99.223747334755
