nan
0.050169588001311
0.085215986061555
0.094090803834549
0.10309549339857
0.10585329530881
0.10449451187556
0.097644232448003
0.11499657338628
0.12416332970179
0.12285945048008
0.12469805824644
0.1237807215496
0.12576092814142
0.12179486496545
0.11869987898687
0.12496696144215
0.14033322038946
0.13684283000185
0.13469480493327
0.13414188827414
0.13606087441335
0.13397392781574
0.13492847798834
0.13606428774674
0.15461493784012
0.15338169833214
0.15483221513547
0.15334677543902
0.15610656612586
0.15413682459359
0.15428359051429
0.15299003776402
0.15487359274554
0.1657588957442
0.16828364093634
0.16312390045041
0.16321133938115
0.16310588835165
0.16350319840872
0.16307803872582
0.16361523818278
0.16989650426729
0.17532522726482
0.17533613825128
0.17498363265031
0.17460078288214
0.17826287575039
0.1748835746727
0.17674498162199
0.17946007167885
0.18694136268962
0.18628611549536
0.18680841913916
0.18671796173427
0.18575363480921
0.18646607942773
0.18702500054224
0.18778406135482
0.19816913635959
0.19859405878912
0.19880926106527
0.19954119712397
0.19892063218323
0.19793198563513
0.19888861414394
0.19851772736344
0.19820831190098
0.20682340480032
0.21138767540964
0.20846008854859
0.20942266101835
0.20841141651074
0.20993588940515
0.20816902671057
0.208957517935
0.21386933788607
0.22043224235849
0.21839923077689
0.22084857381398
0.21845848903943
0.22007153616052
0.21821534683993
0.21925905882213
0.22161194689207
0.22895447237136
0.22898533382765
0.22938725438719
0.22963208721507
0.23086669343597
0.22858141304023
0.22994694563982
0.22883711601421
0.23852892755363
0.23846359463007
0.24075693748355
0.23890010245048
0.23941180364584
0.23764027342051
0.23808436084324
0.23828991027173
0.23904178095914
0.24680102748742
0.24868683902909
0.24876657479494
0.24898781417702
0.24864894560905
0.25049390098442
0.24892800858326
0.24991966376631
0.25352572568509
0.25962149508619
0.26009950308594
0.26047762900108
0.25989829693903
0.26068646230286
0.25902192628969
0.26112660150573
0.2633340620496
0.27450829751039
0.27341551392074
0.27557204612832
0.27450227582812
0.27639617123675
0.27433915261211
0.27625093781959
0.2744192761433
0.28027967071469
0.28357669216287
0.2868529442269
0.28507493368636
0.28665274389678
0.28578624937952
0.28684189811135
0.28480694471997
0.28511130996048
0.29392782165065
0.29680706863459
0.29689543948988
0.2991846325613
0.29708355881309
0.29818001853155
0.29631062844441
0.29853768926784
0.30050567881501
0.30723320426111
0.30636592413893
0.30697385413344
0.30631894293686
0.30634989341547
0.30635966842624
0.30537744403797
0.30840535550897
0.32005563670461
0.3192945863788
0.32101286142368
0.31938194899947
0.32074380917944
0.319299093887
0.32093160324763
0.3186588790436
0.3200389813471
0.32967226332844
0.33005253222885
0.32909485359987
0.32997021045563
0.32934422391321
0.32857614636368
0.32809055264158
0.33001311877809
0.33528444202278
0.34078833798496
0.33932265383857
0.33981813289386
0.33905959391583
0.33913925686757
0.3389971678054
0.33991832063674
0.34249158183771
0.34859925879688
0.34699210832269
0.34759839798371
0.34714640057873
0.34771006410982
0.34728910893343
0.34800300743136
0.34941789414023
0.36239776043422
0.36027441762554
0.35977365111383
0.35950397736088
0.36174798340088
0.36040902027062
0.36153729213067
0.36056744208956
0.36146539514013
0.36699602409488
0.3699961734279
0.36859265939968
0.36897895991695
0.36928154640255
0.36980188641992
0.36867785206037
0.36786474475114
0.37332629321812
0.37848583505683
0.37681723192468
0.37782035029674
0.37647285158559
0.37772824398155
0.37672161986464
0.37742502608156
0.37932364038213
0.3850671558393
0.38490354609955
0.38522209757738
0.38457777412165
0.38506668850297
0.38424458656056
0.38580741710532
0.38553541737749
0.39527543898163
0.39419569688601
0.39422569761602
0.39393274548064
0.39587126217997
0.39367008893589
0.39314398988277
0.39309499655937
0.39543539163717
0.4018365975945
0.40335889951252
0.40275290795027
0.40226677385755
0.40089367486706
0.4042394436869
0.40260839416694
0.40352635203506
0.40727675236276
0.41190291413193
0.41130480846485
0.41188498089264
0.41128159301273
0.41320288646296
0.41112257914352
0.41191603849046
0.41344753618816
0.42042190281393
0.41975732170487
0.4209163712217
0.42049716617992
0.42034205491487
0.42084157135277
0.42142128973878
0.42069464939014
0.4278415274143
0.42709560910823
0.42870557899151
0.42749198277791
0.43092226783792
0.42868720282812
0.42721710273688
