96.655
97.236666666667
97.335
97.386666666667
97.426666666667
97.461666666667
97.988333333333
98.985
99.511666666667
99.751666666667
99.898333333333
99.963333333333
99.985
99.993333333333
99.998333333333
100
100
100
100
100
96.783333333333
97.368333333333
97.443333333333
97.486666666667
97.516666666667
97.56
98.003333333333
99.011666666667
99.488333333333
99.693333333333
99.866666666667
99.958333333333
99.983333333333
99.995
99.998333333333
100
100
100
100
100
96.823333333333
97.458333333333
97.528333333333
97.595
97.613333333333
97.626666666667
98.055
99.011666666667
99.51
99.75
99.875
99.966666666667
99.991666666667
99.995
99.998333333333
100
100
100
100
100
96.968333333333
97.571666666667
97.621666666667
97.67
97.681666666667
97.706666666667
98.045
99.011666666667
99.493333333333
99.735
99.861666666667
99.955
99.986666666667
99.993333333333
99.998333333333
100
100
100
100
100
97.1
97.66
97.71
97.728333333333
97.743333333333
97.776666666667
98.046666666667
99.018333333333
99.516666666667
99.745
99.875
99.958333333333
99.988333333333
99.996666666667
99.996666666667
99.998333333333
100
100
100
100
97.105
97.716666666667
97.76
97.781666666667
97.795
97.813333333333
98.075
99.045
99.485
99.741666666667
99.903333333333
99.97
99.991666666667
99.995
99.998333333333
99.998333333333
100
100
100
100
97.201666666667
97.78
97.805
97.82
97.845
97.861666666667
98.138333333333
99.025
99.47
99.738333333333
99.886666666667
99.97
99.985
99.996666666667
99.998333333333
99.998333333333
100
100
100
100
97.183333333333
97.81
97.863333333333
97.871666666667
97.886666666667
97.911666666667
98.155
99.035
99.505
99.75
99.881666666667
99.956666666667
99.991666666667
99.996666666667
99.996666666667
99.998333333333
100
100
100
100
97.281666666667
97.875
97.903333333333
97.913333333333
97.925
97.935
