43.161980277185
85.586020788913
91.47954424307
94.004864072495
95.3641391258
96.18703358209
96.588486140725
96.76006130064
96.878331556503
97.011593816631
97.109874733475
97.176505863539
97.264792110874
97.334754797441
97.401385927505
97.444696162047
97.512993070362
97.57296108742
97.636260660981
97.669576226013
38.631063432836
82.73920575693
90.778251599147
93.67670575693
95.295842217484
96.183702025586
96.575159914712
96.736740405117
96.875
96.994936034115
97.111540511727
97.186500533049
97.251465884861
97.316431236674
97.376399253731
97.431369936034
97.483009061834
97.537979744136
97.571295309168
97.609608208955
37.586620469083
83.722014925373
91.33295575693
93.993203624733
95.42743869936
96.303638059701
96.675106609808
96.853344882729
96.974946695096
97.053238272921
97.151519189765
97.238139658849
97.306436567164
97.371401918977
97.433035714286
97.47967750533
97.544642857143
97.596281982942
97.636260660981
97.686234008529
41.424573560768
82.292777185501
91.164712153518
94.001532515991
95.370802238806
96.180370469083
96.581823027719
96.753398187633
96.914978678038
97.019922707889
97.118203624733
97.204824093817
97.256463219616
97.343083688699
97.413046375267
97.45802238806
97.511327292111
97.542977078891
97.576292643923
97.632929104478
41.972614605544
80.971815031983
90.839885394456
93.851612473348
95.285847547974
96.155383795309
96.571828358209
96.730077292111
96.868336886994
96.978278251599
97.078224946695
97.171508528785
97.251465884861
97.331423240938
97.388059701493
97.441364605544
97.494669509595
97.537979744136
97.58295575693
97.622934434968
38.632729211087
81.170042643923
91.181369936034
94.064832089552
95.502398720682
96.281982942431
96.696761727079
96.86500533049
96.961620469083
97.076559168443
97.176505863539
97.248134328358
97.306436567164
97.351412579957
97.429704157783
97.474680170576
97.524653518124
97.561300639659
97.602945095949
97.644589552239
41.257995735608
81.941297974414
91.251332622601
94.036513859275
95.370802238806
96.21868336887
96.641791044776
96.790045309168
96.924973347548
97.039912046908
97.106543176972
97.173174307036
97.254797441365
97.331423240938
97.40638326226
97.474680170576
97.516324626866
97.581289978678
97.627931769723
97.652918443497
38.304570895522
82.429371002132
90.9898054371
93.933235607676
95.374133795309
96.27032249467
96.62513326226
96.78171641791
96.904984008529
96.983275586354
97.098214285714
97.19816098081
97.266457889126
97.318097014925
97.373067697228
97.429704157783
97.483009061834
97.522987739872
97.576292643923
97.606276652452
44.276385927505
84.706489872068
91.466218017058
94.12480010661
95.487406716418
96.26032782516
96.633462153518
96.783382196162
96.90664978678
97.033248933902
97.138192963753
97.223147654584
97.294776119403
97.354744136461
97.418043710021
97.47967750533
97.52132196162
97.567963752665
97.611273987207
97.657915778252
39.532249466951
84.599880063966
91.451226012793
94.211420575693
95.459088486141
96.285314498934
96.631796375267
96.796708422175
96.909981343284
97.00992803838
97.111540511727
97.199826759062
97.269789445629
97.348081023454
97.391391257996
97.451359275053
97.512993070362
97.557969083156
97.601279317697
97.627931769723
41.148054371002
79.774120469083
90.295175906183
93.828291577825
95.330823560768
96.210354477612
96.565165245203
96.736740405117
96.861673773987
96.976612473348
97.078224946695
97.153184968017
97.228144989339
97.294776119403
97.379730810235
97.439698827292
97.506329957356
97.552971748401
97.589618869936
97.632929104478
42.454024520256
80.193896588486
90.390125266525
93.620069296375
95.169243070362
96.095415778252
96.526852345416
96.725079957356
96.88499466951
96.994936034115
97.088219616205
97.171508528785
97.256463219616
97.318097014925
97.389725479744
97.44802771855
97.491337953092
97.537979744136
97.581289978678
97.632929104478
45.300839552239
82.291111407249
90.924840085288
93.901585820896
95.35414445629
96.20868869936
96.601812366738
96.761727078891
96.903318230277
97.034914712154
97.143190298507
97.216484541578
97.294776119403
97.359741471215
97.41637793177
97.468017057569
97.519656183369
97.547974413646
97.586287313433
97.631263326226
44.829424307036
81.526519189765
90.664978678038
93.67670575693
95.245868869936
96.088752665245
96.543510127932
96.75006663113
96.891657782516
96.979944029851
97.07322761194
97.161513859275
97.2398054371
97.313099680171
97.37473347548
97.418043710021
97.486340618337
97.537979744136
97.567963752665
97.609608208955
37.388392857143
84.213419509595
91.111407249467
93.869936034115
95.319163113006
96.163712686567
96.578491471215
96.766724413646
96.908315565032
97.014925373134
97.081556503198
97.163179637527
97.254797441365
97.318097014925
97.378065031983
97.441364605544
97.494669509595
97.536313965885
97.579624200426
97.617937100213
42.668909914712
85.389458955224
91.766058102345
94.113139658849
95.414112473348
96.247001599147
96.673440831557
96.855010660981
96.986607142857
97.078224946695
97.191497867804
97.286447228145
97.361407249467
97.419709488273
97.491337953092
97.551305970149
97.597947761194
97.637926439232
97.679570895522
97.714552238806
46.840018656716
83.572094882729
90.911513859275
93.92657249467
95.362473347548
96.213686034115
96.660114605544
96.826692430704
96.976612473348
97.093216950959
97.184834754797
97.243136993603
97.319762793177
97.381396588486
97.459688166311
97.512993070362
97.536313965885
97.592950426439
97.619602878465
97.662913113006
44.852745202559
82.837486673774
90.978144989339
93.961553837953
95.362473347548
96.173707356077
96.586820362473
96.755063965885
96.871668443497
96.988272921109
97.08322228145
97.183168976546
97.264792110874
97.343083688699
97.419709488273
97.471348614072
97.524653518124
97.577958422175
97.602945095949
97.636260660981
42.923773987207
83.565431769723
91.682769189765
94.056503198294
95.419109808102
96.268656716418
96.633462153518
96.795042643923
96.913312899787
97.024920042644
97.11487206823
97.196495202559
97.278118336887
97.354744136461
97.403051705757
97.466351279318
97.506329957356
97.56296641791
97.606276652452
97.657915778252
41.980943496802
81.354944029851
90.633328891258
93.873267590618
95.350812899787
96.258662046908
96.675106609808
96.83335554371
96.953291577825
97.026585820896
97.123200959488
97.211487206823
97.283115671642
97.376399253731
97.439698827292
97.49966684435
97.544642857143
97.599613539446
97.642923773987
97.676239339019
38.964219083156
82.477678571429
90.418443496802
93.493470149254
95.109275053305
96.080423773987
96.538512793177
96.751732409382
96.903318230277
97.043243603412
97.144856076759
97.243136993603
97.32309434968
97.394722814499
97.44802771855
97.504664179104
97.564632196162
97.609608208955
97.662913113006
97.696228678038
43.575093283582
81.589818763326
91.061433901919
94.051505863539
95.449093816631
96.245335820896
96.648454157783
96.821695095949
96.931636460554
97.043243603412
97.116537846482
97.194829424307
97.251465884861
97.299773454158
97.363073027719
97.421375266525
97.481343283582
97.529650852878
97.567963752665
97.626265991471
44.62453358209
83.547108208955
91.319629530917
94.03151652452
95.362473347548
96.172041577825
96.585154584222
96.79171108742
96.904984008529
96.993270255864
97.081556503198
97.176505863539
97.254797441365
97.319762793177
97.394722814499
97.45802238806
97.517990405117
97.56296641791
97.609608208955
97.64625533049
46.813366204691
83.192297441365
91.23967217484
93.90658315565
95.27085554371
96.085421108742
96.516857675906
96.696761727079
96.831689765458
96.94829424307
97.053238272921
97.129864072495
97.203158315565
97.271455223881
97.33308901919
97.403051705757
97.468017057569
97.527985074627
97.57296108742
97.609608208955
40.25019989339
85.241204690832
91.389592217484
93.903251599147
95.310834221748
96.108742004264
96.528518123667
96.711753731343
96.846681769723
96.959954690832
97.063232942431
97.144856076759
97.219816098081
97.293110341151
97.368070362473
97.433035714286
97.486340618337
97.516324626866
97.581289978678
97.617937100213
42.207489339019
82.212819829424
90.721615138593
93.82329424307
95.332489339019
96.16704424307
96.581823027719
96.726745735608
96.878331556503
97.019922707889
97.109874733475
97.188166311301
97.24980010661
97.301439232409
97.378065031983
97.418043710021
97.476345948827
97.529650852878
97.587953091684
97.62460021322
47.286447228145
80.880197228145
90.696628464819
93.944896055437
95.400786247335
96.290311833689
96.655117270789
96.821695095949
96.95828891258
97.066564498934
97.158182302772
97.256463219616
97.319762793177
97.373067697228
97.431369936034
97.486340618337
97.524653518124
97.56296641791
97.61460554371
97.66624466951
47.079890724947
83.938566098081
91.806036780384
94.206423240938
95.56236673774
96.330290511727
96.710087953092
96.84335021322
96.96828358209
97.074893390192
97.163179637527
97.24980010661
97.313099680171
97.381396588486
97.428038379531
97.463019722814
97.511327292111
97.552971748401
97.609608208955
97.652918443497
34.731476545842
83.408848614072
90.768256929638
93.706689765458
95.157582622601
96.138726012793
96.545175906183
96.753398187633
96.856676439232
96.994936034115
97.078224946695
97.153184968017
97.238139658849
97.293110341151
97.354744136461
97.418043710021
97.456356609808
97.512993070362
97.557969083156
97.6046108742
41.571162046908
81.889658848614
90.82322761194
94.053171641791
95.46908315565
96.29197761194
96.663446162047
96.786713752665
96.936633795309
97.05157249467
97.143190298507
97.251465884861
97.316431236674
97.371401918977
97.459688166311
97.514658848614
97.556303304904
97.596281982942
97.64625533049
97.676239339019
43.831623134328
80.656982942431
91.088086353945
93.90658315565
95.267523987207
96.165378464819
96.603478144989
96.748400852878
96.879997334755
96.99993336887
97.099880063966
97.186500533049
97.268123667377
97.324760127932
97.383062366738
97.446361940299
97.491337953092
97.549640191898
97.576292643923
97.634594882729
45.314165778252
82.872468017058
91.606143390192
94.274720149254
95.540711620469
96.355277185501
96.71841684435
96.878331556503
96.994936034115
97.08322228145
97.199826759062
97.24980010661
97.314765458422
97.381396588486
97.433035714286
97.48967217484
97.52132196162
97.574626865672
97.626265991471
97.661247334755
43.969882729211
82.04124466951
90.653318230277
93.75
95.335820895522
96.165378464819
96.603478144989
96.76006130064
96.933302238806
97.063232942431
97.161513859275
97.233142324094
97.294776119403
97.373067697228
97.434701492537
97.483009061834
97.527985074627
97.584621535181
97.626265991471
97.671242004264
45.03098347548
82.496002132196
91.576159381663
94.211420575693
95.46908315565
96.26032782516
96.633462153518
96.806703091684
96.939965351812
97.048240938166
97.126532515991
97.231476545842
97.309768123667
97.379730810235
97.418043710021
97.469682835821
97.526319296375
97.561300639659
97.602945095949
97.641257995736
35.815898187633
82.510994136461
91.461220682303
94.138126332623
95.410780916844
96.230343816631
96.641791044776
96.776719083156
96.908315565032
97.013259594883
97.118203624733
97.183168976546
97.246468550107
97.313099680171
97.386393923241
97.446361940299
97.494669509595
97.537979744136
97.591284648188
97.634594882729
41.352945095949
83.049040511727
91.252998400853
94.058168976546
95.402452025586
96.197028251599
96.545175906183
96.738406183369
96.870002665245
96.99993336887
97.094882729211
97.19816098081
97.268123667377
97.339752132196
97.398054371002
97.449693496802
97.504664179104
97.556303304904
97.594616204691
97.641257995736
38.704357675906
83.065698294243
91.084754797441
93.943230277186
95.475746268657
96.247001599147
96.651785714286
96.816697761194
96.963286247335
97.08322228145
97.178171641791
97.263126332623
97.338086353945
97.399720149254
97.456356609808
97.502998400853
97.551305970149
97.596281982942
97.649586886994
97.702891791045
45.495735607676
83.455490405117
91.231343283582
94.068163646055
95.434101812367
96.290311833689
96.641791044776
96.818363539446
96.934968017058
97.068230277186
97.174840085288
97.253131663113
97.336420575693
97.396388592751
97.439698827292
97.481343283582
97.526319296375
97.569629530917
97.622934434968
97.669576226013
41.945962153518
85.36447228145
91.852678571429
94.179770788913
95.425772921109
96.271988272921
96.66677771855
96.815031982942
96.94829424307
97.058235607676
97.121535181237
97.19816098081
97.271455223881
97.334754797441
97.40638326226
97.466351279318
97.53131663113
97.586287313433
97.641257995736
97.661247334755
42.429037846482
82.384394989339
90.966484541578
93.79164445629
95.227545309168
96.140391791045
96.566831023454
96.743403518124
96.870002665245
96.996601812367
97.109874733475
97.228144989339
97.2914445629
97.353078358209
97.413046375267
97.483009061834
97.529650852878
97.577958422175
97.629597547974
97.657915778252
44.709488272921
82.984075159915
90.889858742004
93.866604477612
95.3641391258
96.227012260128
96.633462153518
96.80170575693
96.961620469083
97.068230277186
97.136527185501
97.219816098081
97.274786780384
97.346415245203
97.411380597015
97.471348614072
97.524653518124
97.57296108742
97.617937100213
97.642923773987
45.002665245203
81.078424840085
90.526719083156
93.839952025586
95.292510660981
96.195362473348
96.608475479744
96.778384861407
96.914978678038
97.003264925373
97.086553837953
97.173174307036
97.256463219616
97.324760127932
97.37473347548
97.428038379531
97.491337953092
97.529650852878
97.576292643923
97.61460554371
45.014325692964
82.619269722814
90.99980010661
93.928238272921
95.337486673774
96.157049573561
96.581823027719
96.735074626866
96.863339552239
97.004930703625
97.099880063966
97.196495202559
97.274786780384
97.339752132196
97.401385927505
97.456356609808
97.524653518124
97.57296108742
97.62460021322
97.674573560768
42.68723347548
81.789712153518
91.432902452026
93.981543176972
95.319163113006
96.153718017058
96.573494136461
96.733408848614
96.888326226013
96.984941364606
97.088219616205
97.168176972281
97.251465884861
97.336420575693
97.399720149254
97.466351279318
97.506329957356
97.549640191898
97.591284648188
97.644589552239
38.992537313433
83.597081556503
91.672774520256
94.163113006397
95.454091151386
96.237006929638
96.651785714286
96.828358208955
96.938299573561
97.049906716418
97.131529850746
97.206489872068
97.284781449893
97.346415245203
97.419709488273
97.466351279318
97.498001066098
97.54131130064
97.6046108742
97.651252665245
41.417910447761
82.477678571429
91.382929104478
94.058168976546
95.404117803838
96.253664712154
96.641791044776
96.798374200426
96.911647121535
97.04157782516
97.121535181237
97.196495202559
97.271455223881
97.331423240938
97.394722814499
97.454690831557
97.516324626866
97.559634861407
97.601279317697
97.632929104478
43.65671641791
82.665911513859
90.816564498934
93.819962686567
95.315831556503
96.182036247335
96.600146588486
96.805037313433
96.936633795309
97.028251599147
97.103211620469
97.219816098081
97.288113006397
97.339752132196
97.414712153518
97.481343283582
97.52132196162
97.564632196162
97.616271321962
97.651252665245
42.064232409382
81.836353944563
91.351279317697
94.169776119403
95.492404051173
96.278651385928
96.631796375267
96.796708422175
96.943296908316
97.04157782516
97.118203624733
97.188166311301
97.268123667377
97.336420575693
97.371401918977
97.408049040512
97.464685501066
97.514658848614
97.559634861407
97.611273987207
38.840951492537
81.00013326226
90.848214285714
93.691697761194
95.189232409382
96.085421108742
96.488539445629
96.700093283582
96.845015991471
96.951625799574
97.081556503198
97.16651119403
97.233142324094
97.299773454158
97.363073027719
97.409714818763
97.463019722814
97.504664179104
97.54131130064
97.594616204691
43.296908315565
85.685967484009
91.631130063966
94.118136993603
95.412446695096
96.18703358209
96.556836353945
96.686767057569
96.830023987207
96.971615138593
97.093216950959
97.194829424307
97.264792110874
97.331423240938
97.389725479744
97.463019722814
97.509661513859
97.549640191898
97.597947761194
97.637926439232
36.64545575693
82.387726545842
91.019789445629
93.753331556503
95.230876865672
96.175373134328
96.565165245203
96.775053304904
96.909981343284
97.036580490405
97.096548507463
97.20815565032
97.278118336887
97.344749466951
97.424706823028
97.463019722814
97.504664179104
97.542977078891
97.602945095949
97.644589552239
41.661114072495
84.05183901919
91.367937100213
94.103144989339
95.425772921109
96.225346481876
96.63512793177
96.773387526652
96.919976012793
97.026585820896
97.119869402985
97.199826759062
97.279784115139
97.371401918977
97.414712153518
97.461353944563
97.507995735608
97.551305970149
97.602945095949
97.664578891258
42.134195095949
84.21841684435
91.56283315565
94.019856076759
95.369136460554
96.225346481876
96.568496801706
96.733408848614
96.888326226013
97.001599147122
97.128198294243
97.228144989339
97.298107675906
97.378065031983
97.438033049041
97.484674840085
97.549640191898
97.602945095949
97.64625533049
97.691231343284
39.620535714286
81.146721748401
91.153051705757
94.001532515991
95.460754264392
96.256996268657
96.631796375267
