40.661647121535
64.272388059701
72.89612206823
79.31269989339
83.119003198294
85.740938166311
87.5
88.797641257996
89.815431769723
90.648320895522
91.282982409382
91.929304371002
92.415711620469
92.863805970149
93.216950959488
93.58342217484
93.894922707889
94.15644989339
94.39632196162
94.616204690832
41.999267057569
63.098014392324
70.394123134328
76.5625
80.970149253731
84.21841684435
86.380597014925
87.998067697228
89.175772921109
90.035314498934
90.829890724947
91.459554904051
91.962619936034
92.404051172708
92.800506396588
93.151985607676
93.411847014925
93.700026652452
93.966551172708
94.201425906183
38.902585287846
65.156916311301
72.737873134328
78.872934434968
83.090684968017
86.02078891258
87.981409914712
89.38566098081
90.380130597015
91.178038379531
91.847681236674
92.390724946695
92.840485074627
93.248600746269
93.621735074627
93.933235607676
94.199760127932
94.429637526652
94.681170042644
94.861074093817
37.320095948827
66.872667910448
74.84341684435
81.17670575693
85.007995735608
87.21848347548
88.734341684435
89.835421108742
90.738272921109
91.419576226013
91.940964818763
92.43736673774
92.88546108742
93.248600746269
93.578424840085
93.86493869936
94.119802771855
94.346348614072
94.581223347548
94.802771855011
42.905450426439
66.677771855011
72.108208955224
77.660247867804
81.786380597015
84.728144989339
86.767057569296
88.29124466951
89.447294776119
90.316831023454
91.051439232409
91.586154051173
92.074227078891
92.518989872068
92.898787313433
93.21861673774
93.505130597015
93.754997334755
94.026519189765
94.241404584222
42.96875
66.27132196162
71.370269189765
77.905117270789
82.326092750533
85.382795842217
87.310101279318
88.732675906183
89.84375
90.726612473348
91.441231343284
92.014259061834
92.499000533049
92.88546108742
93.21861673774
93.535114605544
93.804970682303
94.054837420043
94.268057036247
94.529584221748
41.40625
68.003731343284
73.475812899787
79.056170042644
83.099013859275
85.529384328358
87.383395522388
88.684368336887
89.713819296375
90.535047974414
91.252998400853
91.81269989339
92.295775586354
92.750533049041
93.140325159915
93.463486140725
93.746668443497
94.03151652452
94.246401918977
94.464618869936
43.133662046908
64.975346481876
71.640125266525
78.348214285714
82.48933901919
85.141257995736
86.886993603412
88.167977078891
89.317364072495
90.168576759062
90.921508528785
91.561167377399
92.055903518124
92.533981876333
92.943763326226
93.271921641791
93.61507196162
93.88492803838
94.136460554371
94.338019722814
42.825493070362
65.929837420043
71.924973347548
78.556436567164
82.734208422175
85.532715884861
87.32342750533
88.726012793177
89.727145522388
90.545042643923
91.116404584222
91.632795842217
92.122534648188
92.560634328358
92.930437100213
93.220282515991
93.495135927505
93.748334221748
93.979877398721
94.241404584222
44.809434968017
66.381263326226
73.101012793177
80.247201492537
84.275053304904
86.465551705757
88.059701492537
89.154117803838
90.023654051173
90.868203624733
91.501199360341
91.984275053305
92.455690298507
92.890458422175
93.278584754797
93.601745735608
93.904917377399
94.139792110874
94.379664179104
94.616204690832
45.627332089552
67.88546108742
73.001066098081
78.794642857143
82.984075159915
85.669309701493
87.581623134328
88.955890191898
89.898720682303
90.763259594883
91.482875799574
92.03091684435
92.518989872068
92.915445095949
93.318563432836
93.651719083156
93.953224946695
94.224746801706
94.43796641791
94.674506929638
40.821561833689
66.844349680171
73.559101812367
79.474280383795
82.982409381663
85.387793176972
87.173507462687
88.506130063966
89.615538379531
90.51006130064
91.251332622601
91.929304371002
92.434035181237
92.847148187633
93.193630063966
93.533448827292
93.834954690832
94.116471215352
94.339685501066
94.547907782516
48.487473347548
69.712819829424
74.317030916844
79.084488272921
82.975746268657
85.69762793177
87.611607142857
88.985874200426
90.098614072495
90.959821428571
91.574493603412
92.204157782516
92.64558901919
93.043710021322
93.411847014925
93.683368869936
93.986540511727
94.253065031983
94.464618869936
94.671175373134
44.571228678038
65.276852345416
73.793976545842
80.142257462687
84.05183901919
86.408915245203
88.044709488273
89.360674307036
90.353478144989
91.139725479744
91.786047441365
92.334088486141
92.815498400853
93.190298507463
93.58342217484
93.889925373134
94.15644989339
94.417977078891
94.631196695096
94.836087420043
41.382929104478
64.147454690832
72.336420575693
79.194429637527
83.2289445629
85.754264392324
87.553304904051
88.975879530917
90.015325159915
90.794909381663
91.492870469083
92.000932835821
92.467350746269
92.880463752665
93.278584754797
93.600079957356
93.869936034115
94.133128997868
94.36467217484
94.579557569296
43.130330490405
68.783315565032
73.637393390192
78.233275586354
81.911313965885
84.644856076759
86.67710554371
88.134661513859
89.340684968017
90.308502132196
91.068097014925
91.662779850746
92.172507995736
92.5523054371
92.940431769723
93.258595415778
93.610074626866
93.893256929638
94.146455223881
94.36467217484
46.453558102345
70.965485074627
74.67683901919
79.840751599147
83.513792643923
86.077425373134
87.929770788913
89.220748933902
90.200226545842
90.949826759062
91.569496268657
92.09421641791
92.533981876333
92.947094882729
93.330223880597
93.63506130064
93.954890724947
94.178105010661
94.389658848614
94.607875799574
40.849880063966
65.886527185501
70.748933901919
77.155517057569
81.544842750533
84.641524520256
86.712086886994
88.256263326226
89.523920575693
90.420109275053
91.243003731343
91.899320362473
92.484008528785
92.938765991471
93.331889658849
93.678371535181
93.994869402985
94.24973347548
94.482942430704
94.699493603412
44.411313965885
69.471281982942
74.411980277186
80.240538379531
83.995202558635
86.580490405117
88.317897121535
89.605543710021
90.598347547974
91.421242004264
92.014259061834
92.513992537313
92.982076226013
93.383528784648
93.695029317697
93.959888059701
94.211420575693
94.44796108742
94.657849147122
94.827758528785
46.535181236674
69.304704157783
74.26039445629
79.757462686567
83.405517057569
85.84421641791
87.581623134328
88.899253731343
89.863739339019
90.6766391258
91.297974413646
91.762726545842
92.262460021322
92.678904584222
93.035381130064
93.400186567164
93.6983608742
94.009861407249
94.271388592751
94.519589552239
43.79164445629
67.608941897655
71.643456823028
77.603611407249
82.074560234542
85.251199360341
87.400053304904
88.957555970149
90.133595415778
90.983142324094
91.666111407249
92.205823560768
92.673907249467
93.072028251599
93.380197228145
93.65671641791
93.876599147122
94.129797441365
94.341351279318
94.554570895522
43.748334221748
67.455690298507
74.39532249467
79.429304371002
82.965751599147
85.462753198294
87.368403518124
88.767657249467
89.823760660981
90.703291577825
91.379597547974
91.942630597015
92.414045842217
92.903784648188
93.245269189765
93.546775053305
93.819962686567
94.044842750533
94.276385927505
94.509594882729
40.075293176972
65.096948294243
72.278118336887
78.817963752665
83.089019189765
85.814232409382
87.631596481876
89.005863539446
90.081956289979
90.884861407249
91.539512260128
92.070895522388
92.533981876333
92.923773987207
93.296908315565
93.618403518124
93.909914712154
94.199760127932
94.426305970149
94.609541577825
44.101479211087
65.365138592751
73.449160447761
79.837420042644
83.737006929638
86.249000533049
87.924773454158
89.280716950959
90.201892324094
90.984808102345
91.602811833689
92.109208422175
92.583955223881
93.005397121535
93.321894989339
93.600079957356
93.878264925373
94.129797441365
94.361340618337
94.611207356077
45.592350746269
65.050306503198
70.460754264392
76.679104477612
81.081756396588
84.026852345416
86.102412046908
87.724880063966
88.992537313433
89.957022921109
90.731609808102
91.339618869936
91.844349680171
92.299107142857
92.720549040512
93.080357142857
93.386860341151
93.70835554371
93.956556503198
94.176439232409
47.546308635394
69.64618869936
73.305903518124
77.656916311301
81.569829424307
84.404984008529
86.518856609808
88.099680170576
89.340684968017
90.266857675906
91.03144989339
91.721082089552
92.224147121535
92.632262793177
93.072028251599
93.376865671642
93.736673773987
93.986540511727
94.251399253731
94.482942430704
47.809501599147
71.956623134328
77.733542110874
81.873001066098
84.893057036247
87.025253198294
88.547774520256
89.68716684435
90.63499466951
91.419576226013
91.999267057569
92.487340085288
92.907116204691
93.311900319829
93.721681769723
94.029850746269
94.279717484009
94.48960554371
94.692830490405
94.894389658849
43.063699360341
65.150253198294
72.856143390192
78.926239339019
82.912446695096
85.654317697228
87.473347547974
88.899253731343
90.005330490405
90.854877398721
91.539512260128
92.089219083156
92.590618336887
93.047041577825
93.420175906183
93.768323560768
94.049840085288
94.314698827292
94.57289445629
94.764458955224
41.890991471215
65.568363539446
72.747867803838
78.228278251599
82.171175373134
85.119602878465
87.203491471215
88.736007462687
89.867070895522
90.701625799574
91.366271321962
91.967617270789
92.445695628998
92.828824626866
93.183635394456
93.481809701493
93.75
93.978211620469
94.183102345416
94.431303304904
46.665111940299
66.609474946695
72.654584221748
78.519789445629
82.732542643923
85.366138059701
87.296775053305
88.679371002132
89.733808635394
90.550039978678
91.238006396588
91.744402985075
92.189165778252
92.630597014925
93.007062899787
93.340218550107
93.620069296375
93.873267590618
94.12480010661
94.353011727079
43.768323560768
65.110274520256
73.532449360341
80.258861940299
84.446628464819
86.893656716418
88.522787846482
89.638859275053
90.538379530917
91.254664179104
91.836020788913
92.329091151386
92.743869936034
93.14532249467
93.470149253731
93.769989339019
94.018190298507
94.23973880597
94.477945095949
94.651186034115
41.076425906183
66.704424307036
73.485807569296
79.217750533049
82.902452025586
85.436100746269
87.245135927505
88.571095415778
89.640525053305
90.488406183369
91.161380597015
91.764392324094
92.252465351812
92.693896588486
93.058702025586
93.366871002132
93.671708422175
93.909914712154
94.133128997868
94.387993070362
47.221481876333
69.218083688699
74.616871002132
79.985674307036
83.538779317697
86.039112473348
87.683235607676
88.995868869936
89.907049573561
90.761593816631
91.404584221748
91.990938166311
92.407382729211
92.838819296375
93.211953624733
93.530117270789
93.813299573561
94.064832089552
94.296375266525
94.514592217484
47.539645522388
65.596681769723
71.600146588486
77.521988272921
81.771388592751
84.62486673774
86.523853944563
87.923107675906
89.122468017058
90.186900319829
90.95815565032
91.616138059701
92.14585554371
92.642257462687
93.037046908316
93.395189232409
93.735007995736
93.973214285714
94.20808901919
94.43796641791
43.75999466951
64.558901918977
71.256996268657
77.253797974414
81.438232942431
84.446628464819
86.477212153518
88.051372601279
89.150786247335
90.04197761194
90.826559168443
91.361273987207
91.85434434968
92.314099147122
92.715551705757
93.050373134328
93.358542110874
93.643390191898
93.913246268657
94.143123667377
44.612873134328
68.310234541578
73.865605010661
79.274386993603
83.197294776119
85.86420575693
87.699893390192
89.025852878465
90.040311833689
90.898187633262
91.487873134328
92.019256396588
92.460687633262
92.84381663113
93.205290511727
93.536780383795
93.776652452026
94.011527185501
94.221415245203
94.41631130064
46.873334221748
67.490671641791
72.168176972281
78.433168976546
83.089019189765
85.887526652452
87.594949360341
88.865938166311
89.888726012793
90.688299573561
91.331289978678
91.839352345416
92.287446695096
92.730543710021
93.10367803838
93.413512793177
93.731676439232
93.981543176972
94.199760127932
94.421308635394
44.40631663113
66.098081023454
71.695095948827
77.978411513859
82.244469616205
84.826425906183
86.773720682303
88.179637526652
89.222414712154
90.081956289979
90.818230277186
91.426239339019
91.969283049041
92.377398720682
92.80217217484
93.156982942431
93.486807036247
93.776652452026
94.033182302772
94.298041044776
50.264858742004
69.274720149254
73.512460021322
78.62473347548
82.102878464819
84.65651652452
86.495535714286
87.843150319829
89.0108608742
89.888726012793
90.618336886994
91.272987739872
91.766058102345
92.182502665245
92.573960554371
92.930437100213
93.25026652452
93.543443496802
93.784981343284
94.004864072495
42.040911513859
64.948694029851
71.996601812367
78.514792110874
82.662579957356
85.352811833689
87.118536780384
88.516124733475
89.628864605544
90.51006130064
91.188033049041
91.707755863539
92.182502665245
92.602278784648
92.988739339019
93.305237206823
93.600079957356
93.866604477612
94.1148054371
94.29137793177
38.704357675906
67.588952558635
73.780650319829
79.296042110874
83.153984541578
85.657649253731
87.436700426439
88.800972814499
89.837086886994
90.61500533049
91.284648187633
91.861007462687
92.384061833689
92.797174840085
93.151985607676
93.491804371002
93.793310234542
94.043176972281
94.294709488273
94.524586886994
44.427971748401
66.57282782516
72.507995735608
78.341551172708
82.589285714286
85.497734541578
87.418376865672
88.799307036247
89.910381130064
90.706623134328
91.442897121535
92.022587953092
92.492337420043
92.852145522388
93.278584754797
93.608408848614
93.888259594883
94.153118336887
94.381329957356
94.581223347548
42.558968550107
65.628331556503
72.488006396588
78.824626865672
82.72921108742
85.264525586354
87.196828358209
88.556103411514
89.63552771855
90.446761727079
91.154717484009
91.709421641791
92.1875
92.642257462687
93.025386460554
93.353544776119
93.63506130064
93.899920042644
94.154784115139
94.401319296375
40.571695095949
65.696628464819
73.042710554371
78.90625
82.955756929638
85.627665245203
87.466684434968
88.912579957356
89.988672707889
90.78158315565
91.456223347548
91.985940831557
92.464019189765
92.858808635394
93.215285181237
93.490138592751
93.753331556503
93.998200959488
94.233075692964
94.476279317697
42.305770255864
68.503464818763
74.51026119403
80.46875
84.315031982942
86.648787313433
88.377865138593
89.563899253731
90.408448827292
91.086420575693
91.694429637527
92.167510660981
92.607276119403
92.96875
93.30190565032
93.610074626866
93.91657782516
94.163113006397
94.391324626866
94.574560234542
42.992070895522
68.198627398721
73.207622601279
78.574760127932
82.457689232409
85.064632196162
86.941964285714
88.444496268657
89.632196162047
90.50006663113
91.223014392324
91.809368336887
92.324093816631
92.762193496802
93.211953624733
93.553438166311
93.8016391258
94.084821428571
94.387993070362
94.612873134328
41.276319296375
61.525519722815
70.830557036247
78.061700426439
82.386060767591
85.242870469083
87.201825692964
88.581090085288
89.733808635394
90.595015991471
91.321295309168
91.890991471215
92.372401385928
92.788845948827
93.138659381663
93.493470149254
93.743336886994
94.014858742004
94.243070362473
94.451292643923
40.318496801706
68.058702025586
73.199293710021
78.598081023454
82.324426972281
84.956356609808
86.920309168443
88.297907782516
89.442297441365
90.34348347548
91.07309434968
91.677771855011
92.194163113006
92.658915245203
93.030383795309
93.378531449893
93.661713752665
93.943230277186
94.199760127932
94.43796641791
36.077425373134
66.16637793177
73.026052771855
78.611407249467
82.319429637527
84.94802771855
86.778718017058
88.259594882729
89.38566098081
90.293510127932
90.99980010661
91.636127398721
92.127531982942
92.607276119403
92.972081556503
93.330223880597
93.628398187633
93.939898720682
94.159781449893
94.368003731343
47.72954424307
68.123667377399
72.514658848614
78.038379530917
81.856343283582
84.613206289979
86.450559701493
87.821495202559
88.954224413646
89.928704690832
90.679970682303
91.3546108742
91.932635927505
92.432369402985
92.855477078891
93.213619402985
93.493470149254
93.819962686567
94.063166311301
94.284714818763
48.325892857143
67.429037846482
73.170975479744
78.66637793177
82.397721215352
84.896388592751
86.763726012793
88.131329957356
89.300706289979
90.251865671642
90.974813432836
91.49953358209
91.94762793177
92.345748933902
92.695562366738
93.027052238806
93.293576759062
93.581756396588
93.844949360341
94.081489872068
42.538979211087
65.63499466951
72.244802771855
78.474813432836
82.884128464819
85.724280383795
87.681569829424
89.142457356077
90.211886993603
91.039778784648
91.711087420043
92.30243869936
92.785514392324
93.205290511727
93.556769722814
93.854944029851
94.121468550107
94.387993070362
94.584554904051
94.787779850746
46.628464818763
64.445628997868
70.88552771855
77.073893923241
81.586487206823
84.563232942431
86.497201492537
88.016391257996
89.247401385928
90.085287846482
90.743270255864
91.389592217484
91.919309701493
92.352412046908
92.76052771855
93.143656716418
93.465151918977
93.748334221748
94.003198294243
94.266391257996
44.501265991471
68.726679104478
74.097148187633
79.734141791045
83.886926972281
86.450559701493
88.076359275053
