0.76041126251221
0.84879952669144
0.81686174869537
0.68568247556686
0.74046969413757
0.60339558124542
0.8236700296402
0.51605474948883
0.72079747915268
0.69132429361343
0.93909007310867
0.69899708032608
0.945949614048
0.72045928239822
0.94676744937897
0.74132293462753
0.99318593740463
0.77781116962433
0.96100258827209
0.91326957941055
1.148206949234
0.92615288496017
1.2450112104416
0.98977488279343
1.2334799766541
0.99846452474594
1.2526507377625
1.0019618272781
1.2195906639099
1.1741503477097
1.4719613790512
1.3087439537048
1.5009791851044
1.2735642194748
1.5542217493057
1.2821614742279
1.6188443899155
1.2758276462555
1.5066703557968
1.3824453353882
1.748725771904
1.5816648006439
1.7481684684753
1.6249761581421
1.8468931913376
