62.79
41.06
68.09
77.87
85.19
77.16
84.76
87.39
68
73.71
84.24
86.25
86.88
84.74
86.07
80.29
81.82
64.2
68.81
73.75
69.36
74.16
69.09
76.74
66.01
73.31
78.53
64.23
53.31
81.88
77.93
81.32
76.36
65.8
60.92
63.4
78.25
79.62
76.62
79.43
78.2
86.19
82.85
87.34
83.15
42.5
80.48
78.59
74.49
80.37
79.89
85.31
62.65
85.52
81.67
75.04
69.99
82.57
85.56
91.71
91.65
89.99
88.15
66.57
85.2
85.16
87.56
90.56
81.4
87.8
92.63
93.65
90.95
62.07
63.56
77.28
73.13
78.69
81
79.58
83.65
83.52
88.55
83.77
68.45
68.15
87.6
87.81
92.66
86.18
93.53
92.77
93.27
92.61
89.47
93.74
92.45
71.44
91.69
90.4
89.55
76.71
65.93
76.84
80.92
76.6
72.72
54.64
79.72
78.72
83.73
82.34
85
86.66
91.54
93.23
92.51
90.06
93.82
86.34
63.25
86.32
87.2
89.75
90.59
93.71
93.42
93.35
72.78
85.22
87.95
93.95
79.27
76.79
84.13
85.86
92.4
82.65
84.77
84.5
89.23
91.5
94.06
92.26
88.8
85.44
86.24
84.36
84.57
86.71
91.89
88.88
94.17
94.23
93.07
93.61
85.02
94.35
93.86
89.87
85.45
83.09
88.16
93.69
94
90.17
93.64
92.63
93.78
93.73
94
85.47
90.46
93.93
94.13
80.54
83.26
90.04
70.76
79.87
91.23
93.53
93.71
94.16
86.15
90.89
93.9
92.58
93.52
94.05
92.52
88.95
94.64
93.94
94.06
78.9
93.65
94.15
91.11
93.79
56.38
67.8
66.8
71.89
74.67
53.88
82.58
83.41
84.57
83.71
86.38
78.66
84.54
83.05
88.86
61.64
79.78
90.25
89.45
90.12
91.07
90.75
89.77
88.99
90.83
91.02
81.68
91.45
91.23
90.53
90.37
78.69
81.17
92.14
92.02
80.93
89.95
90.97
91.87
72.59
87.03
92.5
85.97
89.04
91.63
92.31
77.37
90.87
92.3
92.23
92.06
91.51
89.76
90.18
84.9
72.1
90.98
92.66
90.29
72
87.41
91.19
91.79
92.87
92.53
92.68
92.73
92.18
93.07
78.78
92.65
92.66
93.16
87.58
85.83
89.43
92.87
89.28
92.24
89.73
92.85
92.76
92.49
92.08
93.19
92.99
92
91.74
93.25
92.28
93.27
93.06
92.05
92.59
85.12
93.14
92.57
86.67
92.93
90.87
93.32
92.98
92.47
93.43
93.12
89.93
93.09
93.38
89.34
93.01
92.95
87.23
85.82
93.32
93.19
89.74
93.62
93
92.16
93.4
92.66
91.58
92.73
91.57
92.76
93.47
92.27
92.74
91.12
90.92
91.9
92.96
88.14
93.02
93.06
88.19
93.58
93.79
93.73
93.84
93.31
93.51
93.79
90.53
92.91
93.71
93.51
90.22
92.71
93.18
93.69
91.59
93.34
93.04
92.69
92.76
93.3
88.78
93.39
93.28
93.04
93.57
91.13
93.03
92.31
91.38
93.21
93.12
93.55
93.68
90.96
88.2
93.11
93.32
93.73
92.28
92.51
93.28
88.72
93.13
91.97
85.1
93.55
93.06
93.49
89.42
92.88
93.64
93.76
93.93
93.65
93.69
93.32
92.98
84.37
93.18
92.41
90.9
91.7
93.64
61.88
61.15
66.67
79.22
77.03
80.93
83.35
83.96
81.97
80.27
86.64
84.24
84.99
81.97
88.23
84.23
87.71
84.49
87.83
88.38
84.52
87.66
87.92
89.19
86.97
84.04
89.18
88.23
90.09
89.76
85.3
90.3
71.18
87.86
89.94
86.28
90.28
90.02
90.31
86.43
89.07
89.9
90.95
88.06
89.13
85.74
90.43
91.42
91.53
88.34
90.58
86.53
91.03
79.98
88.26
88.7
90.39
91.08
91.5
91.98
90.43
86.83
90.77
75.83
91.45
91.73
91.93
88.6
91.63
91.41
91.24
91.46
91.86
91.58
88.41
80.35
91.77
91.74
91.57
91.49
91.79
91.86
92.09
92.16
91.88
90.56
91.13
91.95
91.36
91.96
91.98
92.44
90.49
92.27
84.9
92.23
91.95
91.72
91.81
91.99
87.72
91.62
90.54
89.81
91.1
92.45
91.73
90.95
91.87
91.29
86.45
91.73
91.48
92.13
89.39
90.1
91.97
92.26
91.45
91.79
89.81
91.62
91.95
91.37
92.19
92.33
91.49
91.66
92.23
92.25
87.04
91.58
92.1
90.79
92.57
92.55
91.72
89.94
92.83
92.56
92.73
92.84
92.18
92.61
92.52
90.75
92.73
91.52
90.55
92.27
91.09
86.23
90.07
92.08
91.62
92.76
92.96
92.18
92.42
91.76
92.15
92.78
92.87
92.59
93.18
92.94
76.01
89.11
92.35
92.37
92.7
92.54
91.54
92.64
92.77
92.09
90.9
92.6
92.01
92.76
91.85
92.51
89.98
92.95
91.39
92.55
92.02
92.12
90.33
92.27
92.96
92.47
92.75
91.48
92.36
92.63
92.97
93.07
92.42
92.67
45.45
65.52
70.19
56.71
76.89
63.21
80.3
79.19
72.72
83.42
85.1
71.21
86.52
85.93
