56.88
29.14
61.86
75.05
84.51
69.73
85.34
87.42
51.23
67.26
83.98
86.36
86.36
84.72
86.21
75.58
77.3
59.95
66.47
80.35
73.02
63.96
62.42
75.53
75.39
61.41
73.03
74.15
82.42
79.59
74.92
75.29
69.81
76.9
76.56
67.95
84.07
81.42
75
84.37
77.46
82.47
87.08
85.08
80.26
79.15
72.96
82.87
74.66
71.49
81.21
81.8
61.61
83.44
79.84
79.58
80.45
84.4
88.87
92.49
91.51
89.07
85.22
85.55
87.71
85.53
88.26
91.32
81.56
87.45
92.27
93.52
91.5
39.25
75.11
71.76
70.09
85.37
84.17
84.27
78.96
85.21
87.21
86.19
70.64
71.94
87.27
89.29
92.94
86.98
93.33
92.47
93.55
92.06
92.26
94.13
92.45
79.2
91.34
88.57
90.53
83.47
78.07
83.79
83.47
82.04
77.09
51.82
84.08
83.09
83.55
85.57
85.09
90.3
91.58
93.49
92.4
91.26
94.28
89.01
73.71
87.42
84.31
90.92
92.36
93.83
93.51
93.27
84.85
86.64
88.94
94.13
77.4
69.37
85.55
83.92
92.45
81.02
86.87
79.05
89.56
91.92
93.31
92.23
83.82
86.69
87.3
87.52
86.87
86.47
92.58
86.8
93.88
93.98
92.89
93.61
91.12
94.22
93.93
90.08
83.86
78.99
85.71
93.6
93.73
89.4
93.76
92.09
93.49
93.93
94.17
87.7
89.39
93.68
93.89
73.92
75.46
89.17
79.08
86.78
90.34
94.27
93.92
94.15
88.08
91.04
94.12
89.48
93.86
94.11
93.51
87.74
93.86
94.3
94.04
81.24
87.29
92.45
83.89
82.91
54.21
60.67
77.16
69.76
69.33
56.98
82.54
80.06
69.61
72.84
78.9
68.64
68.07
78.43
72.75
70.15
57.22
74.63
76.54
78.49
81.48
87.98
71.65
86.8
81.97
85.18
74.79
75.52
71.65
80.17
87.7
76.03
58.29
75.01
77.09
68.36
62.67
76.12
76.68
77.35
80.59
87.72
85.2
84.99
82.96
87.66
78.69
89.9
92.79
93.79
93.07
92.13
85.73
88.32
59.28
69.22
69.82
83.56
67.91
87.95
78.54
81.87
87.96
86.82
88.54
71.33
79.46
82.37
89
83.17
88.45
81.85
84.66
72.93
67.45
80.11
60.54
83.96
78.91
84.16
86.34
85.29
86.58
92.1
93.97
92.13
87.73
84.1
93.92
94.03
93.98
94.15
86.52
90.86
79.96
81.41
86.45
73.76
64.84
78.99
74.44
74.23
79.96
77.76
75.88
82.74
75
66.78
71.16
82.18
78.14
71.34
41.66
72.43
67.46
76.83
72.29
72.42
74.88
91.76
92.04
91.21
92.61
92.71
93.01
93.69
85.9
91.87
70.52
74.1
79.66
70.82
66.04
75.75
61.26
74.26
55.5
83.04
81.04
87.52
72.38
72.07
82.35
81.8
74.69
79.74
90.57
88.18
87.87
86.01
90
91.54
91.25
87.44
92.18
93.07
92.64
85.73
91.58
93.25
85.71
86.34
93.56
93.45
91.91
79.34
89.09
75.3
80.83
91.99
90.48
79.54
64.33
87.88
87.83
91.11
92.61
93.87
86.2
79.05
88.04
86.66
88.26
89.43
80.58
86.37
90.57
94.01
93.83
94.21
89.57
84.45
89.87
91.32
80.32
80.47
82.42
87.63
83.21
81.31
48.46
53.06
59.79
58.79
65.29
70.85
72.06
53.33
62.14
77.36
80.05
77.36
82.25
67.57
79.77
66.84
69.99
80.08
84.13
81.63
80.31
76.79
74.13
72.27
71.05
63.62
76.07
55.83
84.75
89.75
92.37
92.56
83.06
80.62
87.04
78.47
90.38
87.17
83.87
73.66
83.6
85.8
83.76
82.55
81.07
75.18
86.35
86.57
93.22
76.25
86.2
93.01
88.96
70.66
80.07
73.07
84.83
79.83
78.79
92.72
86.73
87.62
86.17
88.81
90.23
92.62
91.5
86.54
90.7
82.68
92.55
88.99
78.5
84.42
80.92
72.06
84.57
81.19
87.81
84.91
83.26
87.35
86.98
85.31
78.44
71.44
65.8
81.89
72.84
76.37
52.82
81.44
80.47
78.52
76.42
80.93
81.42
76.52
83.42
66.51
73.36
74.1
72.8
75.04
78.47
81.34
77.3
79.19
75.6
75.5
81.55
74.52
75.48
76.8
81.16
77.78
79.62
78.24
79.67
93.02
93.29
92.95
86.57
84.99
90.46
92.75
91.3
93.4
93.6
79.98
73.32
79.83
75.49
74.98
72.34
84.73
54.68
77.91
85.65
86.65
91.62
93.45
92.53
93.54
93.08
93.47
90.29
81.48
83.8
78.12
67.82
67.18
68.59
80.64
66.91
85.38
79.74
74.17
75.2
92.09
92.19
93.57
93.48
92.75
90.93
86.94
68.07
81.24
79.7
69.04
77.51
74.77
64.56
76.46
49.96
83.47
