55.34
48.55
68.81
78.4
85.93
74.12
86.6
88.22
56.93
81.77
84.69
87.62
87.28
86.19
87.06
80.91
80.26
74.92
69.07
80.43
72.67
76.53
63.1
80.26
71.33
72.65
66.24
84.21
79.01
83.39
78.39
81.41
81.02
77.97
78.03
75.84
72.57
75.8
78.89
86.26
82.59
84.16
84.25
86.59
71.58
80.22
81.97
83.28
78.37
81.34
83.47
85.56
72.68
80.52
80.56
85.23
82.21
85.13
87.91
92.03
92.59
90.3
84.26
82.36
88.99
87.38
88.64
91.68
85.63
88.86
92.73
93.87
91.9
74.97
64.91
84.22
83.95
82.26
83.26
84.78
86.72
87.25
86.33
85.58
76.96
84.23
88.5
91.15
93.31
88.27
93.65
92.78
93.26
92.31
89.56
94
93.68
82.65
91.31
87.54
89.32
87.96
82.47
76.03
72.38
80.67
79.77
74.33
71.39
85.33
77.81
84.3
87.34
88.86
89.14
93.26
92.57
90.71
93.88
89.66
75.76
88.02
82.51
90.75
92.4
94.08
94.16
92.13
80.69
83.78
89.93
93.87
81.32
64.57
87.69
80.58
92.79
78.03
87.95
83.12
90.8
91.21
94.22
92.58
67.69
85.76
87.36
87.74
86.94
89.74
91.59
89.16
93.87
93.88
93.08
93.64
90.59
94.24
93.9
91.08
82.24
84.75
88.22
93.55
93.88
89.68
94.18
92.58
94.03
93.74
94.33
86.8
90.53
94.05
94
85.1
72.24
89.88
71.95
84.43
91.82
93.69
94.16
94.09
88.69
91.37
94.04
90.37
93.73
94.21
93.02
87.5
94.11
93.82
93.93
84.06
93.76
94.38
91.02
93
38.99
56.96
67.32
54.66
71.39
65.91
79.87
82.94
84.1
83.29
85.41
76.75
84.6
79.91
88.8
71.84
83.64
90.26
89.7
90.1
91.06
90.67
90.59
88.95
90.99
91.17
82.86
91.6
91.11
90.88
90.31
72.95
81.1
91.99
91.9
82.2
88.1
91.43
91.87
78.25
85.75
92.07
85.23
88.58
91.9
92.18
71.54
90.83
92.02
92.17
92.14
89.97
79.03
90.77
85.82
66.11
91.09
92.74
89.55
79.13
85.78
90.92
91.86
92.8
92.4
91.85
93.12
91.89
92.96
82.33
93.02
92.66
93
89
85.06
87.88
92.58
90.22
92.34
89.24
93.12
92.66
92.31
92.56
93.61
93.08
92.37
88.91
92.9
90.86
93.05
93.44
91.65
92.87
83.14
92.85
92.48
87.88
92.85
91.03
93.08
92.65
92.12
93.42
93.22
90.47
93.38
93.33
90.02
93.01
92.6
82.97
84.64
93.17
93.74
91.39
93.3
92.95
91.92
93.37
92.48
90.54
93.04
91.97
92.39
93.24
92.65
93.29
90.6
90.41
92.45
92.73
82.89
92.9
93.15
89.09
93.24
93.7
93.78
94.04
93.63
93.64
93.62
85.83
91.56
93.68
93.41
89.86
91.8
92.78
93.38
89.85
93.49
92.91
92.91
92.62
93.1
90.14
93.13
93.44
93.38
